<?xml version="1.0" encoding="UTF-8"?>
<!-- Generated by org.testng.reporters.JUnitXMLReporter -->
<testsuite ignored="0" hostname="MBP-QMGXTDY6CY" failures="0" tests="2" name="Default test" time="260.428" errors="0" timestamp="2025-03-23T01:24:13 IST">
  <testcase classname="io.cucumber.testng.AbstractTestNGCucumberTests" name="runScenario" time="142.415"/>
  <testcase classname="io.cucumber.testng.AbstractTestNGCucumberTests" name="runScenario" time="116.926"/>
</testsuite> <!-- Default test -->
