<?xml version="1.0" encoding="UTF-8"?>
<testng-results ignored="0" total="2" passed="2" failed="0" skipped="0">
  <reporter-output>
  </reporter-output>
  <suite started-at="2025-03-23T01:19:53 IST" name="Default suite" finished-at="2025-03-23T01:24:13 IST" duration-ms="260428">
    <groups>
      <group name="cucumber">
        <method signature="AbstractTestNGCucumberTests.runScenario(io.cucumber.testng.PickleWrapper,io.cucumber.testng.FeatureWrapper)[pri:0, instance:runner.TestRunner@6f53b8a]" name="runScenario" class="io.cucumber.testng.AbstractTestNGCucumberTests"/>
      </group> <!-- cucumber -->
    </groups>
    <test started-at="2025-03-23T01:19:53 IST" name="Default test" finished-at="2025-03-23T01:24:13 IST" duration-ms="260428">
      <class name="runner.TestRunner">
        <test-method is-config="true" signature="setUpClass(org.testng.ITestContext)[pri:0, instance:runner.TestRunner@6f53b8a]" started-at="2025-03-23T01:19:53 IST" name="setUpClass" finished-at="2025-03-23T01:19:54 IST" duration-ms="925" status="PASS">
          <params>
            <param index="0">
              <value>
                <![CDATA[org.testng.TestRunner@668625f5]]>
              </value>
            </param>
          </params>
          <reporter-output>
          </reporter-output>
        </test-method> <!-- setUpClass -->
        <test-method signature="runScenario(io.cucumber.testng.PickleWrapper,io.cucumber.testng.FeatureWrapper)[pri:0, instance:runner.TestRunner@6f53b8a]" started-at="2025-03-23T01:19:54 IST" name="runScenario" description="Runs Cucumber Scenarios" data-provider="scenarios" finished-at="2025-03-23T01:22:16 IST" duration-ms="142415" status="PASS">
          <params>
            <param index="0">
              <value>
                <![CDATA["Create a new account"]]>
              </value>
            </param>
            <param index="1">
              <value>
                <![CDATA["Account Management on Magento Demo Store"]]>
              </value>
            </param>
          </params>
          <reporter-output>
          </reporter-output>
        </test-method> <!-- runScenario -->
        <test-method signature="runScenario(io.cucumber.testng.PickleWrapper,io.cucumber.testng.FeatureWrapper)[pri:0, instance:runner.TestRunner@6f53b8a]" started-at="2025-03-23T01:22:16 IST" name="runScenario" description="Runs Cucumber Scenarios" data-provider="scenarios" finished-at="2025-03-23T01:24:13 IST" duration-ms="116926" status="PASS">
          <params>
            <param index="0">
              <value>
                <![CDATA["Sign in with the newly created account"]]>
              </value>
            </param>
            <param index="1">
              <value>
                <![CDATA["Account Management on Magento Demo Store"]]>
              </value>
            </param>
          </params>
          <reporter-output>
          </reporter-output>
        </test-method> <!-- runScenario -->
        <test-method is-config="true" signature="tearDownClass()[pri:0, instance:runner.TestRunner@6f53b8a]" started-at="2025-03-23T01:24:13 IST" name="tearDownClass" finished-at="2025-03-23T01:24:13 IST" duration-ms="66" status="PASS">
          <reporter-output>
          </reporter-output>
        </test-method> <!-- tearDownClass -->
      </class> <!-- runner.TestRunner -->
    </test> <!-- Default test -->
  </suite> <!-- Default suite -->
</testng-results>
